<?xml version="1.0" encoding="UTF-8"?>
<!-- Generated by org.testng.reporters.JUnitReportReporter -->
<testsuite hostname="Dhvanis-MacBook-Pro.local" failures="0" tests="2" name="test.DropDown" time="0.304" errors="0" timestamp="2022-04-28T20:18:50 EDT" skipped="0">
  <testcase classname="test.DropDown" name="dropDownHeader" time="0.155"/>
  <system-out/>
  <testcase classname="test.DropDown" name="dropDownSelection" time="0.149"/>
  <system-out/>
</testsuite> <!-- test.DropDown -->
