<?xml version="1.0" encoding="UTF-8"?>
<!-- Generated by org.testng.reporters.JUnitReportReporter -->
<testsuite hostname="Dhvanis-MacBook-Pro.local" failures="0" tests="1" name="test.EntryAd" time="0.159" errors="0" timestamp="2022-04-28T20:18:50 EDT" skipped="0">
  <testcase classname="test.EntryAd" name="EntryAdModalWin" time="0.159"/>
  <system-out/>
</testsuite> <!-- test.EntryAd -->
